<?xml version="1.0" encoding="UTF-8"?>
<Site BuildName="(empty)"
	BuildStamp="20240228-1542-Experimental"
	Name="(empty)"
	Generator="ctest-3.16.3"
	CompilerName=""
	CompilerVersion=""
	OSName="Linux"
	Hostname="xgdhost"
	OSRelease="5.15.0-97-generic"
	OSVersion="#107~20.04.1-Ubuntu SMP Fri Feb 9 14:20:11 UTC 2024"
	OSPlatform="x86_64"
	Is64Bits="1"
	VendorString="GenuineIntel"
	VendorID="Intel Corporation"
	FamilyID="6"
	ModelID="85"
	ProcessorCacheSize="28160"
	NumberOfLogicalCPU="80"
	NumberOfPhysicalCPU="40"
	TotalVirtualMemory="305175"
	TotalPhysicalMemory="128508"
	LogicalProcessorsPerPhysical="2"
	ProcessorClockFrequency="3900"
	>
	<Testing>
		<StartDateTime>Feb 28 23:42 CST</StartDateTime>
		<StartTestTime>1709134955</StartTestTime>
		<TestList/>
		<EndDateTime>Feb 28 23:42 CST</EndDateTime>
		<EndTestTime>1709134955</EndTestTime>
		<ElapsedMinutes>0</ElapsedMinutes>
	</Testing>
</Site>
